0 info it worked if it ends with ok
1 verbose cli [ '/Users/marcoscabbiolo/.nvm/versions/node/v6.2.0/bin/node',
1 verbose cli   '/Users/marcoscabbiolo/.nvm/versions/node/v6.2.0/bin/npm',
1 verbose cli   'run',
1 verbose cli   'test' ]
2 info using npm@4.0.2
3 info using node@v6.2.0
4 verbose run-script [ 'pretest', 'test', 'posttest' ]
5 info lifecycle generator-react-app-redux@0.0.0~pretest: generator-react-app-redux@0.0.0
6 verbose lifecycle generator-react-app-redux@0.0.0~pretest: unsafe-perm in lifecycle true
7 verbose lifecycle generator-react-app-redux@0.0.0~pretest: PATH: /Users/marcoscabbiolo/.nvm/versions/node/v6.2.0/lib/node_modules/npm/bin/node-gyp-bin:/Users/marcoscabbiolo/Proyects/generator-react-app-redux/node_modules/.bin:/Users/marcoscabbiolo/.nvm/versions/node/v6.2.0/bin:/usr/local/mysql/bin:/usr/local/bin:/usr/bin:/bin:/usr/sbin:/sbin:/opt/X11/bin:/usr/local/mysql/bin
8 verbose lifecycle generator-react-app-redux@0.0.0~pretest: CWD: /Users/marcoscabbiolo/Proyects/generator-react-app-redux
9 silly lifecycle generator-react-app-redux@0.0.0~pretest: Args: [ '-c', 'eslint . --fix' ]
10 silly lifecycle generator-react-app-redux@0.0.0~pretest: Returned: code: 0  signal: null
11 info lifecycle generator-react-app-redux@0.0.0~test: generator-react-app-redux@0.0.0
12 verbose lifecycle generator-react-app-redux@0.0.0~test: unsafe-perm in lifecycle true
13 verbose lifecycle generator-react-app-redux@0.0.0~test: PATH: /Users/marcoscabbiolo/.nvm/versions/node/v6.2.0/lib/node_modules/npm/bin/node-gyp-bin:/Users/marcoscabbiolo/Proyects/generator-react-app-redux/node_modules/.bin:/Users/marcoscabbiolo/.nvm/versions/node/v6.2.0/bin:/usr/local/mysql/bin:/usr/local/bin:/usr/bin:/bin:/usr/sbin:/sbin:/opt/X11/bin:/usr/local/mysql/bin
14 verbose lifecycle generator-react-app-redux@0.0.0~test: CWD: /Users/marcoscabbiolo/Proyects/generator-react-app-redux
15 silly lifecycle generator-react-app-redux@0.0.0~test: Args: [ '-c', 'jest --verbose' ]
16 silly lifecycle generator-react-app-redux@0.0.0~test: Returned: code: 1  signal: null
17 info lifecycle generator-react-app-redux@0.0.0~test: Failed to exec test script
18 verbose stack Error: generator-react-app-redux@0.0.0 test: `jest --verbose`
18 verbose stack Exit status 1
18 verbose stack     at EventEmitter.<anonymous> (/Users/marcoscabbiolo/.nvm/versions/node/v6.2.0/lib/node_modules/npm/lib/utils/lifecycle.js:279:16)
18 verbose stack     at emitTwo (events.js:106:13)
18 verbose stack     at EventEmitter.emit (events.js:191:7)
18 verbose stack     at ChildProcess.<anonymous> (/Users/marcoscabbiolo/.nvm/versions/node/v6.2.0/lib/node_modules/npm/lib/utils/spawn.js:40:14)
18 verbose stack     at emitTwo (events.js:106:13)
18 verbose stack     at ChildProcess.emit (events.js:191:7)
18 verbose stack     at maybeClose (internal/child_process.js:850:16)
18 verbose stack     at Process.ChildProcess._handle.onexit (internal/child_process.js:215:5)
19 verbose pkgid generator-react-app-redux@0.0.0
20 verbose cwd /Users/marcoscabbiolo/Proyects/generator-react-app-redux
21 error Darwin 16.7.0
22 error argv "/Users/marcoscabbiolo/.nvm/versions/node/v6.2.0/bin/node" "/Users/marcoscabbiolo/.nvm/versions/node/v6.2.0/bin/npm" "run" "test"
23 error node v6.2.0
24 error npm  v4.0.2
25 error code ELIFECYCLE
26 error generator-react-app-redux@0.0.0 test: `jest --verbose`
26 error Exit status 1
27 error Failed at the generator-react-app-redux@0.0.0 test script 'jest --verbose'.
27 error Make sure you have the latest version of node.js and npm installed.
27 error If you do, this is most likely a problem with the generator-react-app-redux package,
27 error not with npm itself.
27 error Tell the author that this fails on your system:
27 error     jest --verbose
27 error You can get information on how to open an issue for this project with:
27 error     npm bugs generator-react-app-redux
27 error Or if that isn't available, you can get their info via:
27 error     npm owner ls generator-react-app-redux
27 error There is likely additional logging output above.
28 verbose exit [ 1, true ]
